<?xml version="1.0" encoding="UTF-8"?>
<testng-results ignored="0" total="1" passed="1" failed="0" skipped="0">
  <reporter-output>
  </reporter-output>
  <suite started-at="2021-07-12T13:27:05 IST" name="Default suite" finished-at="2021-07-12T13:27:09 IST" duration-ms="4034">
    <groups>
    </groups>
    <test started-at="2021-07-12T13:27:05 IST" name="Default test" finished-at="2021-07-12T13:27:09 IST" duration-ms="4034">
      <class name="api.samples.swagger_test_api">
        <test-method signature="api1_test()[pri:0, instance:api.samples.swagger_test_api@37858383]" started-at="2021-07-12T13:27:05 IST" name="api1_test" finished-at="2021-07-12T13:27:09 IST" duration-ms="4003" status="PASS">
          <reporter-output>
          </reporter-output>
        </test-method> <!-- api1_test -->
      </class> <!-- api.samples.swagger_test_api -->
    </test> <!-- Default test -->
  </suite> <!-- Default suite -->
</testng-results>
