<?xml version="1.0" encoding="UTF-8"?>
<testng-results ignored="0" total="1" passed="1" failed="0" skipped="0">
  <reporter-output>
  </reporter-output>
  <suite started-at="2021-01-09T17:49:32 IST" name="Default suite" finished-at="2021-01-09T17:49:52 IST" duration-ms="20363">
    <groups>
      <group name="cucumber">
        <method signature="AbstractTestNGCucumberTests.runScenario(io.cucumber.testng.PickleWrapper, io.cucumber.testng.FeatureWrapper)[pri:0, instance:qumu.runner.TestRunner@62230c58]" name="runScenario" class="io.cucumber.testng.AbstractTestNGCucumberTests"/>
      </group> <!-- cucumber -->
    </groups>
    <test started-at="2021-01-09T17:49:32 IST" name="Default test" finished-at="2021-01-09T17:49:52 IST" duration-ms="20363">
      <class name="qumu.runner.TestRunner">
        <test-method is-config="true" signature="setUpClass()[pri:0, instance:qumu.runner.TestRunner@62230c58]" started-at="2021-01-09T17:49:32 IST" name="setUpClass" finished-at="2021-01-09T17:49:32 IST" duration-ms="350" status="PASS">
          <reporter-output>
          </reporter-output>
        </test-method> <!-- setUpClass -->
        <test-method signature="runScenario(io.cucumber.testng.PickleWrapper, io.cucumber.testng.FeatureWrapper)[pri:0, instance:qumu.runner.TestRunner@62230c58]" started-at="2021-01-09T17:49:32 IST" name="runScenario" description="Runs Cucumber Scenarios" data-provider="scenarios" finished-at="2021-01-09T17:49:52 IST" duration-ms="19962" status="PASS">
          <params>
            <param index="0">
              <value>
                <![CDATA["Check item total cost and tax"]]>
              </value>
            </param>
            <param index="1">
              <value>
                <![CDATA["Optional[Checkout items in the basket]"]]>
              </value>
            </param>
          </params>
          <reporter-output>
          </reporter-output>
        </test-method> <!-- runScenario -->
        <test-method is-config="true" signature="tearDownClass()[pri:0, instance:qumu.runner.TestRunner@62230c58]" started-at="2021-01-09T17:49:52 IST" name="tearDownClass" finished-at="2021-01-09T17:49:52 IST" duration-ms="4" status="PASS">
          <reporter-output>
          </reporter-output>
        </test-method> <!-- tearDownClass -->
      </class> <!-- qumu.runner.TestRunner -->
    </test> <!-- Default test -->
  </suite> <!-- Default suite -->
</testng-results>
